Command line:
   FTDI_Block_TB_isim_beh.exe
     -simmode  gui
     -simrunnum  0
     -socket  57110

Wed Mar  1 14:19:33 2017


 Elaboration Time: 0.06 sec

 Current Memory Usage: 239.37 Meg

 Total Signals          : 26
 Total Nets             : 43
 Total Signal Drivers   : 18
 Total Blocks           : 6
 Total Primitive Blocks : 5
 Total Processes        : 6
 Total Traceable Variables  : 26
 Total Scalar Nets and Variables : 1194
Total Line Count : 75

 Total Simulation Time: 0.08 sec

 Current Memory Usage: 314.872 Meg

Wed Mar  1 15:05:20 2017

